2021/04/21 12:27:36 にビルドを開始しました。
     1>ノード 2 上のプロジェクト "C:\Users\高橋昌也\Desktop\3D応用2\ゲームプログラミング実習2021_04\GameProgramming\GameProgramming.vcxproj" (Build ターゲット)。
     1>ClCompile:
         C:\Program Files (x86)\Microsoft Visual Studio 12.0\VC\bin\CL.exe /c /Zi /nologo /W3 /WX- /O2 /Oi /Oy- /GL /D WIN32 /D NDEBUG /D _CONSOLE /D _LIB /D _UNICODE /D UNICODE /Gm- /EHsc /MD /GS /Gy /fp:precise /Zc:wchar_t /Zc:forScope /Fo"Release\\" /Fd"Release\vc120.pdb" /Gd /TP /analyze- /errorReport:prompt CBillBoard.cpp CBullet.cpp CCamera.cpp CCharacter.cpp CCollider.cpp CColliderLine.cpp CColliderMesh.cpp CColliderTriangle.cpp CCollisionManager.cpp CEffect.cpp CEnemy.cpp CEnemy2.cpp CKey.cpp CMaterial.cpp CMatrix.cpp CModel.cpp CModelX.cpp CPlayer.cpp CRes.cpp CSceneGame.cpp CSceneManager.cpp CSound.cpp CTaskManager.cpp CText.cpp CTexture.cpp CTransform.cpp CTriangle.cpp CUtil.cpp CVector.cpp main.cpp
         CBillBoard.cpp
         CBullet.cpp
         CCamera.cpp
         CCharacter.cpp
         CCollider.cpp
         CColliderLine.cpp
         CColliderMesh.cpp
     1>CColliderMesh.cpp(21): warning C4018: '<' : signed と unsigned の数値を比較しようとしました。
         CColliderTriangle.cpp
         CCollisionManager.cpp
         CEffect.cpp
         CEnemy.cpp
         CEnemy2.cpp
         CKey.cpp
         CMaterial.cpp
         CMatrix.cpp
     1>CMatrix.cpp(57): warning C4244: '初期化中' : 'double' から 'float' への変換です。データが失われる可能性があります。
     1>CMatrix.cpp(73): warning C4244: '初期化中' : 'double' から 'float' への変換です。データが失われる可能性があります。
     1>CMatrix.cpp(88): warning C4244: '初期化中' : 'double' から 'float' への変換です。データが失われる可能性があります。
         CModel.cpp
     1>CModel.cpp(28): warning C4996: 'fopen': This function or variable may be unsafe. Consider using fopen_s instead. To disable deprecation, use _CRT_SECURE_NO_WARNINGS. See online help for details.
                 C:\Program Files (x86)\Microsoft Visual Studio 12.0\VC\include\stdio.h(211) : 'fopen' の宣言を確認してください。
     1>CModel.cpp(49): warning C4996: 'sscanf': This function or variable may be unsafe. Consider using sscanf_s instead. To disable deprecation, use _CRT_SECURE_NO_WARNINGS. See online help for details.
                 C:\Program Files (x86)\Microsoft Visual Studio 12.0\VC\include\stdio.h(304) : 'sscanf' の宣言を確認してください。
     1>CModel.cpp(54): warning C4996: 'strncpy': This function or variable may be unsafe. Consider using strncpy_s instead. To disable deprecation, use _CRT_SECURE_NO_WARNINGS. See online help for details.
                 C:\Program Files (x86)\Microsoft Visual Studio 12.0\VC\include\string.h(195) : 'strncpy' の宣言を確認してください。
     1>CModel.cpp(82): warning C4996: 'fopen': This function or variable may be unsafe. Consider using fopen_s instead. To disable deprecation, use _CRT_SECURE_NO_WARNINGS. See online help for details.
                 C:\Program Files (x86)\Microsoft Visual Studio 12.0\VC\include\stdio.h(211) : 'fopen' の宣言を確認してください。
     1>CModel.cpp(100): warning C4996: 'sscanf': This function or variable may be unsafe. Consider using sscanf_s instead. To disable deprecation, use _CRT_SECURE_NO_WARNINGS. See online help for details.
                 C:\Program Files (x86)\Microsoft Visual Studio 12.0\VC\include\stdio.h(304) : 'sscanf' の宣言を確認してください。
     1>CModel.cpp(122): warning C4996: 'sscanf': This function or variable may be unsafe. Consider using sscanf_s instead. To disable deprecation, use _CRT_SECURE_NO_WARNINGS. See online help for details.
                 C:\Program Files (x86)\Microsoft Visual Studio 12.0\VC\include\stdio.h(304) : 'sscanf' の宣言を確認してください。
     1>CModel.cpp(123): warning C4996: 'sscanf': This function or variable may be unsafe. Consider using sscanf_s instead. To disable deprecation, use _CRT_SECURE_NO_WARNINGS. See online help for details.
                 C:\Program Files (x86)\Microsoft Visual Studio 12.0\VC\include\stdio.h(304) : 'sscanf' の宣言を確認してください。
     1>CModel.cpp(124): warning C4996: 'sscanf': This function or variable may be unsafe. Consider using sscanf_s instead. To disable deprecation, use _CRT_SECURE_NO_WARNINGS. See online help for details.
                 C:\Program Files (x86)\Microsoft Visual Studio 12.0\VC\include\stdio.h(304) : 'sscanf' の宣言を確認してください。
     1>CModel.cpp(138): warning C4996: 'sscanf': This function or variable may be unsafe. Consider using sscanf_s instead. To disable deprecation, use _CRT_SECURE_NO_WARNINGS. See online help for details.
                 C:\Program Files (x86)\Microsoft Visual Studio 12.0\VC\include\stdio.h(304) : 'sscanf' の宣言を確認してください。
     1>CModel.cpp(139): warning C4996: 'sscanf': This function or variable may be unsafe. Consider using sscanf_s instead. To disable deprecation, use _CRT_SECURE_NO_WARNINGS. See online help for details.
                 C:\Program Files (x86)\Microsoft Visual Studio 12.0\VC\include\stdio.h(304) : 'sscanf' の宣言を確認してください。
     1>CModel.cpp(140): warning C4996: 'sscanf': This function or variable may be unsafe. Consider using sscanf_s instead. To disable deprecation, use _CRT_SECURE_NO_WARNINGS. See online help for details.
                 C:\Program Files (x86)\Microsoft Visual Studio 12.0\VC\include\stdio.h(304) : 'sscanf' の宣言を確認してください。
     1>CModel.cpp(186): warning C4018: '<' : signed と unsigned の数値を比較しようとしました。
     1>CModel.cpp(188): warning C4018: '<' : signed と unsigned の数値を比較しようとしました。
     1>CModel.cpp(231): warning C4018: '<' : signed と unsigned の数値を比較しようとしました。
     1>CModel.cpp(243): warning C4018: '<' : signed と unsigned の数値を比較しようとしました。
     1>CModel.cpp(284): warning C4018: '<' : signed と unsigned の数値を比較しようとしました。
         CModelX.cpp
     1>CModelX.cpp(11): warning C4996: 'fopen': This function or variable may be unsafe. Consider using fopen_s instead. To disable deprecation, use _CRT_SECURE_NO_WARNINGS. See online help for details.
                 C:\Program Files (x86)\Microsoft Visual Studio 12.0\VC\include\stdio.h(211) : 'fopen' の宣言を確認してください。
     1>CModelX.cpp(129): warning C4996: 'strcpy': This function or variable may be unsafe. Consider using strcpy_s instead. To disable deprecation, use _CRT_SECURE_NO_WARNINGS. See online help for details.
                 C:\Program Files (x86)\Microsoft Visual Studio 12.0\VC\include\string.h(112) : 'strcpy' の宣言を確認してください。
         CPlayer.cpp
     1>CPlayer.cpp(141): warning C4996: 'sprintf': This function or variable may be unsafe. Consider using sprintf_s instead. To disable deprecation, use _CRT_SECURE_NO_WARNINGS. See online help for details.
                 C:\Program Files (x86)\Microsoft Visual Studio 12.0\VC\include\stdio.h(356) : 'sprintf' の宣言を確認してください。
     1>CPlayer.cpp(147): warning C4996: 'sprintf': This function or variable may be unsafe. Consider using sprintf_s instead. To disable deprecation, use _CRT_SECURE_NO_WARNINGS. See online help for details.
                 C:\Program Files (x86)\Microsoft Visual Studio 12.0\VC\include\stdio.h(356) : 'sprintf' の宣言を確認してください。
     1>CPlayer.cpp(153): warning C4996: 'sprintf': This function or variable may be unsafe. Consider using sprintf_s instead. To disable deprecation, use _CRT_SECURE_NO_WARNINGS. See online help for details.
                 C:\Program Files (x86)\Microsoft Visual Studio 12.0\VC\include\stdio.h(356) : 'sprintf' の宣言を確認してください。
         CRes.cpp
         CSceneGame.cpp
         コンパイル中...
         CSceneManager.cpp
         CSound.cpp
     1>c:\users\高橋昌也\desktop\3d応用2\ゲームプログラミング実習2021_04\gameprogramming\CSound.h(66): warning C4996: 'strcpy': This function or variable may be unsafe. Consider using strcpy_s instead. To disable deprecation, use _CRT_SECURE_NO_WARNINGS. See online help for details.
                 C:\Program Files (x86)\Microsoft Visual Studio 12.0\VC\include\string.h(112) : 'strcpy' の宣言を確認してください。
     1>c:\users\高橋昌也\desktop\3d応用2\ゲームプログラミング実習2021_04\gameprogramming\CSound.h(69): error C2440: 'const_cast' : 'char *' から 'TCHAR *' に変換できません。
                 指示された型は関連がありません。変換には reinterpret_cast、C スタイル キャストまたは関数スタイルのキャストが必要です。
         CTaskManager.cpp
         CText.cpp
         CTexture.cpp
     1>CTexture.cpp(48): warning C4996: 'fopen': This function or variable may be unsafe. Consider using fopen_s instead. To disable deprecation, use _CRT_SECURE_NO_WARNINGS. See online help for details.
                 C:\Program Files (x86)\Microsoft Visual Studio 12.0\VC\include\stdio.h(211) : 'fopen' の宣言を確認してください。
     1>CTexture.cpp(55): warning C4996: 'strcpy': This function or variable may be unsafe. Consider using strcpy_s instead. To disable deprecation, use _CRT_SECURE_NO_WARNINGS. See online help for details.
                 C:\Program Files (x86)\Microsoft Visual Studio 12.0\VC\include\string.h(112) : 'strcpy' の宣言を確認してください。
         CTransform.cpp
         CTriangle.cpp
         CUtil.cpp
         CVector.cpp
         main.cpp
     1>プロジェクト "C:\Users\高橋昌也\Desktop\3D応用2\ゲームプログラミング実習2021_04\GameProgramming\GameProgramming.vcxproj" (Build ターゲット) のビルドが終了しました -- 失敗。

ビルドに失敗しました。

経過時間 00:00:09.54
